h:\documents\2023-24\part 2\cpp-coursework-part-one-psyes9\debug\courseworkbase2020.bsc
h:\documents\2023-24\part 2\cpp-coursework-part-one-psyes9 - copy\debug\courseworkbase2020.bsc
h:\documents\2023-24\part 2\cpp-coursework-part-one-psyes9\debug\vc143.pdb
h:\documents\2023-24\part 2\cpp-coursework-part-one-psyes9\debug\compleximage.sbr
h:\documents\2023-24\part 2\cpp-coursework-part-one-psyes9\debug\crimsonwasteland2.sbr
h:\documents\2023-24\part 2\cpp-coursework-part-one-psyes9\debug\compleximage.obj
h:\documents\2023-24\part 2\cpp-coursework-part-one-psyes9 - copy\debug\vc143.pdb
h:\documents\2023-24\part 2\cpp-coursework-part-one-psyes9 - copy\debug\crimsonwasteland2.sbr
h:\documents\2023-24\part 2\cpp-coursework-part-one-psyes9 - copy\debug\crimsonwasteland2tilemanager.sbr
h:\documents\2023-24\part 2\cpp-coursework-part-one-psyes9 - copy\debug\draggingdemo.sbr
h:\documents\2023-24\part 2\cpp-coursework-part-one-psyes9 - copy\debug\drawingsurface.sbr
h:\documents\2023-24\part 2\cpp-coursework-part-one-psyes9 - copy\debug\flashingdemo.sbr
h:\documents\2023-24\part 2\cpp-coursework-part-one-psyes9 - copy\debug\imagemappingdemo.sbr
h:\documents\2023-24\part 2\cpp-coursework-part-one-psyes9 - copy\debug\mainfunction.sbr
h:\documents\2023-24\part 2\cpp-coursework-part-one-psyes9 - copy\debug\baseengine.sbr
h:\documents\2023-24\part 2\cpp-coursework-part-one-psyes9 - copy\debug\displayableobject.sbr
h:\documents\2023-24\part 2\cpp-coursework-part-one-psyes9 - copy\debug\fontmanager.sbr
h:\documents\2023-24\part 2\cpp-coursework-part-one-psyes9 - copy\debug\mydemoa.sbr
h:\documents\2023-24\part 2\cpp-coursework-part-one-psyes9 - copy\debug\myobjectb.sbr
h:\documents\2023-24\part 2\cpp-coursework-part-one-psyes9 - copy\debug\mytilemanager.sbr
h:\documents\2023-24\part 2\cpp-coursework-part-one-psyes9 - copy\debug\psyes9engine.sbr
h:\documents\2023-24\part 2\cpp-coursework-part-one-psyes9 - copy\debug\psyes9tilemanager.sbr
h:\documents\2023-24\part 2\cpp-coursework-part-one-psyes9 - copy\debug\simpleimage.sbr
h:\documents\2023-24\part 2\cpp-coursework-part-one-psyes9 - copy\debug\simpledemo.sbr
h:\documents\2023-24\part 2\cpp-coursework-part-one-psyes9 - copy\debug\starfielddemo.sbr
h:\documents\2023-24\part 2\cpp-coursework-part-one-psyes9 - copy\debug\swimmingfishobject.sbr
h:\documents\2023-24\part 2\cpp-coursework-part-one-psyes9 - copy\debug\tilemanager.sbr
h:\documents\2023-24\part 2\cpp-coursework-part-one-psyes9 - copy\debug\tilemanager.obj
h:\documents\2023-24\part 2\cpp-coursework-part-one-psyes9 - copy\debug\swimmingfishobject.obj
h:\documents\2023-24\part 2\cpp-coursework-part-one-psyes9 - copy\debug\starfielddemo.obj
h:\documents\2023-24\part 2\cpp-coursework-part-one-psyes9 - copy\debug\simpledemo.obj
h:\documents\2023-24\part 2\cpp-coursework-part-one-psyes9 - copy\debug\simpleimage.obj
h:\documents\2023-24\part 2\cpp-coursework-part-one-psyes9 - copy\debug\psyes9tilemanager.obj
h:\documents\2023-24\part 2\cpp-coursework-part-one-psyes9 - copy\debug\psyes9engine.obj
h:\documents\2023-24\part 2\cpp-coursework-part-one-psyes9 - copy\debug\mytilemanager.obj
h:\documents\2023-24\part 2\cpp-coursework-part-one-psyes9 - copy\debug\myobjectb.obj
h:\documents\2023-24\part 2\cpp-coursework-part-one-psyes9 - copy\debug\mydemoa.obj
h:\documents\2023-24\part 2\cpp-coursework-part-one-psyes9 - copy\debug\fontmanager.obj
h:\documents\2023-24\part 2\cpp-coursework-part-one-psyes9 - copy\debug\displayableobject.obj
h:\documents\2023-24\part 2\cpp-coursework-part-one-psyes9 - copy\debug\baseengine.obj
h:\documents\2023-24\part 2\cpp-coursework-part-one-psyes9 - copy\debug\mainfunction.obj
h:\documents\2023-24\part 2\cpp-coursework-part-one-psyes9 - copy\debug\imagemappingdemo.obj
h:\documents\2023-24\part 2\cpp-coursework-part-one-psyes9 - copy\debug\flashingdemo.obj
h:\documents\2023-24\part 2\cpp-coursework-part-one-psyes9 - copy\debug\drawingsurface.obj
h:\documents\2023-24\part 2\cpp-coursework-part-one-psyes9 - copy\debug\draggingdemo.obj
h:\documents\2023-24\part 2\cpp-coursework-part-one-psyes9 - copy\debug\crimsonwasteland2tilemanager.obj
h:\documents\2023-24\part 2\cpp-coursework-part-one-psyes9 - copy\debug\crimsonwasteland2.obj
h:\documents\2023-24\part 2\cpp-coursework-part-one-psyes9 - copy\debug\bouncingball.sbr
h:\documents\2023-24\part 2\cpp-coursework-part-one-psyes9 - copy\debug\bouncingballmain.sbr
h:\documents\2023-24\part 2\cpp-coursework-part-one-psyes9 - copy\debug\mazedemomain.sbr
h:\documents\2023-24\part 2\cpp-coursework-part-one-psyes9 - copy\debug\mazedemoobject.sbr
h:\documents\2023-24\part 2\cpp-coursework-part-one-psyes9 - copy\debug\mazedemotilemanager.sbr
h:\documents\2023-24\part 2\cpp-coursework-part-one-psyes9 - copy\debug\zoomingdemo.sbr
h:\documents\2023-24\part 2\cpp-coursework-part-one-psyes9 - copy\debug\zoomingdemo.obj
h:\documents\2023-24\part 2\cpp-coursework-part-one-psyes9 - copy\debug\mazedemotilemanager.obj
h:\documents\2023-24\part 2\cpp-coursework-part-one-psyes9 - copy\debug\mazedemoobject.obj
h:\documents\2023-24\part 2\cpp-coursework-part-one-psyes9 - copy\debug\mazedemomain.obj
h:\documents\2023-24\part 2\cpp-coursework-part-one-psyes9 - copy\debug\bouncingballmain.obj
h:\documents\2023-24\part 2\cpp-coursework-part-one-psyes9 - copy\debug\bouncingball.obj
h:\documents\2023-24\part 2\cpp-coursework-part-one-psyes9 - copy\debug\courseworkbase2020.exe
h:\documents\2023-24\part 2\cpp-coursework-part-one-psyes9 - copy\src\map
h:\documents\2023-24\part 2\cpp-coursework-part-one-psyes9 - copy\debug\courseworkbase2020.pdb
h:\documents\2023-24\part 2\cpp-coursework-part-one-psyes9 - copy\debug\courseworkbase2020.ilk
h:\documents\2023-24\part 2\cpp-coursework-part-two-psyes9\debug\baseengine.obj
h:\documents\2023-24\part 2\cpp-coursework-part-two-psyes9\debug\bouncingball.obj
h:\documents\2023-24\part 2\cpp-coursework-part-two-psyes9\debug\bouncingballmain.obj
h:\documents\2023-24\part 2\cpp-coursework-part-two-psyes9\debug\compleximage.obj
h:\documents\2023-24\part 2\cpp-coursework-part-two-psyes9\debug\crimsonwasteland2.obj
h:\documents\2023-24\part 2\cpp-coursework-part-two-psyes9\debug\crimsonwasteland2gamecharacterimages.obj
h:\documents\2023-24\part 2\cpp-coursework-part-two-psyes9\debug\crimsonwasteland2gameobjects.obj
h:\documents\2023-24\part 2\cpp-coursework-part-two-psyes9\debug\crimsonwasteland2tilemanager.obj
h:\documents\2023-24\part 2\cpp-coursework-part-two-psyes9\debug\displayableobject.obj
h:\documents\2023-24\part 2\cpp-coursework-part-two-psyes9\debug\draggingdemo.obj
h:\documents\2023-24\part 2\cpp-coursework-part-two-psyes9\debug\drawingsurface.obj
h:\documents\2023-24\part 2\cpp-coursework-part-two-psyes9\debug\flashingdemo.obj
h:\documents\2023-24\part 2\cpp-coursework-part-two-psyes9\debug\fontmanager.obj
h:\documents\2023-24\part 2\cpp-coursework-part-two-psyes9\debug\imagemappingdemo.obj
h:\documents\2023-24\part 2\cpp-coursework-part-two-psyes9\debug\mainfunction.obj
h:\documents\2023-24\part 2\cpp-coursework-part-two-psyes9\debug\mazedemomain.obj
h:\documents\2023-24\part 2\cpp-coursework-part-two-psyes9\debug\mazedemoobject.obj
h:\documents\2023-24\part 2\cpp-coursework-part-two-psyes9\debug\mazedemotilemanager.obj
h:\documents\2023-24\part 2\cpp-coursework-part-two-psyes9\debug\mydemoa.obj
h:\documents\2023-24\part 2\cpp-coursework-part-two-psyes9\debug\myobjectb.obj
h:\documents\2023-24\part 2\cpp-coursework-part-two-psyes9\debug\mytilemanager.obj
h:\documents\2023-24\part 2\cpp-coursework-part-two-psyes9\debug\psyes9engine.obj
h:\documents\2023-24\part 2\cpp-coursework-part-two-psyes9\debug\psyes9tilemanager.obj
h:\documents\2023-24\part 2\cpp-coursework-part-two-psyes9\debug\simpledemo.obj
h:\documents\2023-24\part 2\cpp-coursework-part-two-psyes9\debug\simpleimage.obj
h:\documents\2023-24\part 2\cpp-coursework-part-two-psyes9\debug\starfielddemo.obj
h:\documents\2023-24\part 2\cpp-coursework-part-two-psyes9\debug\swimmingfishobject.obj
h:\documents\2023-24\part 2\cpp-coursework-part-two-psyes9\debug\tilemanager.obj
h:\documents\2023-24\part 2\cpp-coursework-part-two-psyes9\debug\zoomingdemo.obj
h:\documents\2023-24\part 2\cpp-coursework-part-two-psyes9\debug\courseworkbase2020.ilk
h:\documents\2023-24\part 2\cpp-coursework-part-two-psyes9\debug\courseworkbase2020.pdb
h:\documents\2023-24\part 2\cpp-coursework-part-two-psyes9\debug\vc143.pdb
h:\documents\2023-24\part 2\cpp-coursework-part-two-psyes9\debug\courseworkbase2020.bsc
h:\documents\2023-24\part 2\cpp-coursework-part-two-psyes9\debug\baseengine.sbr
h:\documents\2023-24\part 2\cpp-coursework-part-two-psyes9\debug\bouncingball.sbr
h:\documents\2023-24\part 2\cpp-coursework-part-two-psyes9\debug\bouncingballmain.sbr
h:\documents\2023-24\part 2\cpp-coursework-part-two-psyes9\debug\compleximage.sbr
h:\documents\2023-24\part 2\cpp-coursework-part-two-psyes9\debug\crimsonwasteland2.sbr
h:\documents\2023-24\part 2\cpp-coursework-part-two-psyes9\debug\crimsonwasteland2gamecharacterimages.sbr
h:\documents\2023-24\part 2\cpp-coursework-part-two-psyes9\debug\crimsonwasteland2gameobjects.sbr
h:\documents\2023-24\part 2\cpp-coursework-part-two-psyes9\debug\crimsonwasteland2tilemanager.sbr
h:\documents\2023-24\part 2\cpp-coursework-part-two-psyes9\debug\displayableobject.sbr
h:\documents\2023-24\part 2\cpp-coursework-part-two-psyes9\debug\draggingdemo.sbr
h:\documents\2023-24\part 2\cpp-coursework-part-two-psyes9\debug\drawingsurface.sbr
h:\documents\2023-24\part 2\cpp-coursework-part-two-psyes9\debug\flashingdemo.sbr
h:\documents\2023-24\part 2\cpp-coursework-part-two-psyes9\debug\fontmanager.sbr
h:\documents\2023-24\part 2\cpp-coursework-part-two-psyes9\debug\imagemappingdemo.sbr
h:\documents\2023-24\part 2\cpp-coursework-part-two-psyes9\debug\mainfunction.sbr
h:\documents\2023-24\part 2\cpp-coursework-part-two-psyes9\debug\mazedemomain.sbr
h:\documents\2023-24\part 2\cpp-coursework-part-two-psyes9\debug\mazedemoobject.sbr
h:\documents\2023-24\part 2\cpp-coursework-part-two-psyes9\debug\mazedemotilemanager.sbr
h:\documents\2023-24\part 2\cpp-coursework-part-two-psyes9\debug\mydemoa.sbr
h:\documents\2023-24\part 2\cpp-coursework-part-two-psyes9\debug\myobjectb.sbr
h:\documents\2023-24\part 2\cpp-coursework-part-two-psyes9\debug\mytilemanager.sbr
h:\documents\2023-24\part 2\cpp-coursework-part-two-psyes9\debug\psyes9engine.sbr
h:\documents\2023-24\part 2\cpp-coursework-part-two-psyes9\debug\psyes9tilemanager.sbr
h:\documents\2023-24\part 2\cpp-coursework-part-two-psyes9\debug\simpledemo.sbr
h:\documents\2023-24\part 2\cpp-coursework-part-two-psyes9\debug\simpleimage.sbr
h:\documents\2023-24\part 2\cpp-coursework-part-two-psyes9\debug\starfielddemo.sbr
h:\documents\2023-24\part 2\cpp-coursework-part-two-psyes9\debug\swimmingfishobject.sbr
h:\documents\2023-24\part 2\cpp-coursework-part-two-psyes9\debug\tilemanager.sbr
h:\documents\2023-24\part 2\cpp-coursework-part-two-psyes9\debug\zoomingdemo.sbr
h:\documents\2023-24\part 2\cpp-coursework-part-two-psyes9\/debug\courseworkbase2020.pdb
h:\documents\2023-24\part 2\cpp-coursework-part-two-psyes9\debug\courseworkbase2020.exe
h:\documents\2023-24\part 2\cpp-coursework-part-two-psyes9\/debug\courseworkbase2020.bsc
h:\documents\2023-24\part 2\cpp-coursework-part-two-psyes9\/debug\courseworkbase2020.ilk
h:\documents\2023-24\part 2\cpp-coursework-part-two-psyes9\/debug\courseworkbase.vcxproj.filelistabsolute.txt
h:\documents\2023-24\part 2\cpp-coursework-part-two-psyes9\debug\coursewo.63f64093.tlog\bscmake.command.1.tlog
h:\documents\2023-24\part 2\cpp-coursework-part-two-psyes9\debug\coursewo.63f64093.tlog\bscmake.read.1.tlog
h:\documents\2023-24\part 2\cpp-coursework-part-two-psyes9\debug\coursewo.63f64093.tlog\bscmake.write.1.tlog
h:\documents\2023-24\part 2\cpp-coursework-part-two-psyes9\debug\coursewo.63f64093.tlog\cl.command.1.tlog
h:\documents\2023-24\part 2\cpp-coursework-part-two-psyes9\debug\coursewo.63f64093.tlog\cl.items.tlog
h:\documents\2023-24\part 2\cpp-coursework-part-two-psyes9\debug\coursewo.63f64093.tlog\cl.read.1.tlog
h:\documents\2023-24\part 2\cpp-coursework-part-two-psyes9\debug\coursewo.63f64093.tlog\cl.write.1.tlog
h:\documents\2023-24\part 2\cpp-coursework-part-two-psyes9\debug\coursewo.63f64093.tlog\link.command.1.tlog
h:\documents\2023-24\part 2\cpp-coursework-part-two-psyes9\debug\coursewo.63f64093.tlog\link.read.1.tlog
h:\documents\2023-24\part 2\cpp-coursework-part-two-psyes9\debug\coursewo.63f64093.tlog\link.secondary.1.tlog
h:\documents\2023-24\part 2\cpp-coursework-part-two-psyes9\debug\coursewo.63f64093.tlog\link.write.1.tlog
